createEmulator ./root/sdk/android/.android/avd tablet medium_tablet 34 default x86_64
Loading local repository...                                                     [=========                              ] 25% Loading local repository...       Auto-selecting single ABI x86_64
runEmulator tablet 5554
Emulator logs in ./tablet-20260411072349.log
Waiting for ADB device
* daemon not running; starting now at tcp:5037
* daemon started successfully
configEmulator
restarting adbd as root
Successfully disabled verity virtual bool android::fiemap::ImageManagerBinder::MapImageDevice(const std::string &, const std::chrono::milliseconds &, std::string *) binder returned: Failed to map [libfs_mgr] could not map scratch image Failed to allocate scratch on /data, fallback to use free space on super Using overlayfs for /system Using overlayfs for /vendor Using overlayfs for /product Using overlayfs for /system_dlkm Using overlayfs for /system_ext Verity disabled; overlayfs enabled. Now reboot your device for settings to take effect
Waiting for ADB device
restarting adbd as root
Successfully disabled verity Remounted /system as RW Remounted /vendor as RW Remounted /product as RW Remounted /system_dlkm as RW Remounted /system_ext as RW Remount succeeded
com.wetek.devicecontrol
pushFile /system/priv-app/DeviceControl /system/priv-app/DeviceControl/DeviceControl.apk ./root/sdk/android/.apks/com.wetek.devicecontrol/DeviceControl.apk
rm: /system/priv-app/DeviceControl/DeviceControl.apk: No such file or directory
./root/sdk/android/.apks/com.wetek.devicecontrol/DeviceControl.apk: 1 file pushed, 0 skipped. 51.3 MB/s (24249243 bytes in 0.451s)
ls /system/priv-app: DeviceControl
ls /system/priv-app/DeviceControl: DeviceControl.apk
pushFile /system/etc/permissions /system/etc/permissions/privapp-permissions-com.wetek.devicecontrol.xml ./root/sdk/android/.apks/com.wetek.devicecontrol/privapp-permissions-com.wetek.devicecontrol.xml
rm: /system/etc/permissions/privapp-permissions-com.wetek.devicecontrol.xml: No such file or directory
./root/sdk/android/.apks/com.wetek.devicecontrol/privapp-permissions-com.wetek.devicecontrol.xml: 1 file pushed, 0 skipped. 1.4 MB/s (1422 bytes in 0.001s)
ls /system/etc/permissions: privapp-permissions-com.wetek.devicecontrol.xml
com.wetek.persistentrestartapps
pushFile /system/priv-app/AppPersister /system/priv-app/AppPersister/AppPersister.apk ./root/sdk/android/.apks/com.wetek.persistentrestartapps/AppPersister.apk
rm: /system/priv-app/AppPersister/AppPersister.apk: No such file or directory
./root/sdk/android/.apks/com.wetek.persistentrestartapps/AppPersister.apk: 1 file pushed, 0 skipped. 39.4 MB/s (1623639 bytes in 0.039s)
ls /system/priv-app: AppPersister
ls /system/priv-app/AppPersister: AppPersister.apk
com.wetek.provision
pushFile /system/priv-app/SelfProvision /system/priv-app/SelfProvision/SelfProvision.apk ./root/sdk/android/.apks/com.wetek.provision/SelfProvision.apk
rm: /system/priv-app/SelfProvision/SelfProvision.apk: No such file or directory
./root/sdk/android/.apks/com.wetek.provision/SelfProvision.apk: 1 file pushed, 0 skipped. 50.0 MB/s (7725957 bytes in 0.147s)
ls /system/priv-app: SelfProvision
ls /system/priv-app/SelfProvision: SelfProvision.apk
com.wetek.weupdate
pushFile /system/priv-app/WeUpdate /system/priv-app/WeUpdate/WeUpdate.apk ./root/sdk/android/.apks/com.wetek.weupdate/WeUpdate.apk
rm: /system/priv-app/WeUpdate/WeUpdate.apk: No such file or directory
./root/sdk/android/.apks/com.wetek.weupdate/WeUpdate.apk: 1 file pushed, 0 skipped. 52.0 MB/s (8653541 bytes in 0.159s)
ls /system/priv-app: WeUpdate
ls /system/priv-app/WeUpdate: WeUpdate.apk
pushFile /system/etc/permissions /system/etc/permissions/privapp-permissions-com.wetek.weupdate.xml ./root/sdk/android/.apks/com.wetek.weupdate/privapp-permissions-com.wetek.weupdate.xml
rm: /system/etc/permissions/privapp-permissions-com.wetek.weupdate.xml: No such file or directory
./root/sdk/android/.apks/com.wetek.weupdate/privapp-permissions-com.wetek.weupdate.xml: 1 file pushed, 0 skipped. 2.5 MB/s (969 bytes in 0.000s)
ls /system/etc/permissions: privapp-permissions-com.wetek.weupdate.xml
Waiting for ADB device
finished...
